[   12685ms] Error: Hydration failed because the server rendered text didn't match the client. As a result this tree will be regenerated on the client. This can happen if a SSR-ed Client Component used:

- A server/client branch `if (typeof window !== 'undefined')`.
- Variable input such as `Date.now()` or `Math.random()` which changes each time it's called.
- Date formatting in a user's locale which doesn't match the server.
- External changing data without sending a snapshot of it along with the HTML.
- Invalid HTML tag nesting.

It can also happen if the client has a browser extension installed which messes with the HTML before React loaded.

https://react.dev/link/hydration-mismatch

  ...
    <LeftAndRightSidebarsWrapper sidebarsEnabled={false} fullscreen={false} leftSidebar={false} rightSidebar={false}>
      <div className="">
        <div className="RouteRootC...">
          <ErrorBoundary>
            <Suspense name="Route" fallback={<DelayedLoading>}>
              <div className="habryka-page">
                <ProfilePage>
                  <div id="page" className={undefined} data-el="page">
                    <div className="content pr..." data-el="content">
                      <main className="profile-main" data-el="profile-main">
                        <div>
                        <div>
                        <a href="/posts/bJ2..." className="post-article" style={{...}}>
                          <div className="post-content">
                            <h2>
                            <p>
                            <div className="post-meta-bar">
                              <span>
                              <span className="post-date">
+                               7y
-                               7 years ago
                          ...
                        ...
                        ...

    at throwOnHydrationMismatch (http://localhost:3002/_next/static/chunks/node_modules_next_dist_compiled_react-dom_1e674e59._.js:3349:56)
    at prepareToHydrateHostInstance (http://localhost:3002/_next/static/chunks/node_modules_next_dist_compiled_react-dom_1e674e59._.js:3403:23)
    at completeWork (http://localhost:3002/_next/static/chunks/node_modules_next_dist_compiled_react-dom_1e674e59._.js:6935:60)
    at runWithFiberInDEV (http://localhost:3002/_next/static/chunks/node_modules_next_dist_compiled_react-dom_1e674e59._.js:966:74)
    at completeUnitOfWork (http://localhost:3002/_next/static/chunks/node_modules_next_dist_compiled_react-dom_1e674e59._.js:9628:23)
    at performUnitOfWork (http://localhost:3002/_next/static/chunks/node_modules_next_dist_compiled_react-dom_1e674e59._.js:9565:28)
    at workLoopConcurrentByScheduler (http://localhost:3002/_next/static/chunks/node_modules_next_dist_compiled_react-dom_1e674e59._.js:9559:58)
    at renderRootConcurrent (http://localhost:3002/_next/static/chunks/node_modules_next_dist_compiled_react-dom_1e674e59._.js:9542:71)
    at performWorkOnRoot (http://localhost:3002/_next/static/chunks/node_modules_next_dist_compiled_react-dom_1e674e59._.js:9069:150)
    at performWorkOnRootViaSchedulerTask (http://localhost:3002/_next/static/chunks/node_modules_next_dist_compiled_react-dom_1e674e59._.js:10231:9)
    at MessagePort.performWorkUntilDeadline (http://localhost:3002/_next/static/chunks/node_modules_next_dist_compiled_a0e4c7b4._.js:2648:64)
